<?xml version="1.0" encoding="UTF-8"?>
<!-- Generated by org.testng.reporters.JUnitReportReporter -->
<testsuite hostname="DESKTOP-R1BA5JJ" failures="0" tests="1" name="test.RegisterForm" time="24.887" errors="0" timestamp="2022-01-30T20:53:54 VET" skipped="0">
  <testcase classname="test.RegisterForm" name="testUntitledTestCase" time="24.887"/>
  <system-out/>
</testsuite> <!-- test.RegisterForm -->
