<?xml version="1.0" encoding="UTF-8"?>
<!-- Generated by org.testng.reporters.JUnitReportReporter -->
<testsuite hostname="DESKTOP-R1BA5JJ" failures="0" tests="1" name="RegisterFormTest" time="36.999" errors="0" timestamp="2022-01-30T20:48:47 VET" skipped="0">
  <testcase classname="RegisterFormTest" name="testUntitledTestCase" time="36.999"/>
  <system-out/>
</testsuite> <!-- RegisterFormTest -->
